<?xml version="1.0" encoding="UTF-8"?>
<!-- Generated by org.testng.reporters.JUnitXMLReporter -->
<testsuite ignored="0" hostname="DESKTOP-KHFPL78" failures="0" tests="5" name="Default test" time="24.437" errors="0" timestamp="2025-03-07T23:21:14 PST">
  <testcase classname="testcases.Verifypage1" name="loginTc" time="0.525"/>
  <testcase classname="testcases.Verifypage1" name="loginTc" time="1.523"/>
  <testcase classname="testcases.Verifypage1" name="loginTc" time="0.656"/>
  <testcase classname="testcases.Verifypage1" name="loginTc" time="0.437"/>
  <testcase classname="testcases.Verifypage1" name="loginTc" time="0.687"/>
</testsuite> <!-- Default test -->
