<?xml version="1.0" encoding="UTF-8"?>
<testng-results ignored="0" total="5" passed="5" failed="0" skipped="0">
  <reporter-output>
  </reporter-output>
  <suite started-at="2025-03-07T23:20:49 PST" name="Default suite" finished-at="2025-03-07T23:21:13 PST" duration-ms="24437">
    <groups>
    </groups>
    <test started-at="2025-03-07T23:20:49 PST" name="Default test" finished-at="2025-03-07T23:21:13 PST" duration-ms="24437">
      <class name="testcases.Verifypage1">
        <test-method is-config="true" signature="setUp()[pri:0, instance:testcases.Verifypage1@10aa41f2]" started-at="2025-03-07T23:20:50 PST" name="setUp" finished-at="2025-03-07T23:20:55 PST" duration-ms="4519" status="PASS">
          <reporter-output>
          </reporter-output>
        </test-method> <!-- setUp -->
        <test-method signature="loginTc(java.lang.String,java.lang.String)[pri:1, instance:testcases.Verifypage1@10aa41f2]" started-at="2025-03-07T23:20:55 PST" name="loginTc" data-provider="info" finished-at="2025-03-07T23:20:55 PST" duration-ms="525" status="PASS">
          <params>
            <param index="0">
              <value>
                <![CDATA[unm]]>
              </value>
            </param>
            <param index="1">
              <value>
                <![CDATA[pwd]]>
              </value>
            </param>
          </params>
          <reporter-output>
          </reporter-output>
        </test-method> <!-- loginTc -->
        <test-method is-config="true" signature="tearDown()[pri:0, instance:testcases.Verifypage1@10aa41f2]" started-at="2025-03-07T23:20:55 PST" name="tearDown" finished-at="2025-03-07T23:20:56 PST" duration-ms="284" status="PASS">
          <reporter-output>
          </reporter-output>
        </test-method> <!-- tearDown -->
        <test-method is-config="true" signature="setUp()[pri:0, instance:testcases.Verifypage1@10aa41f2]" started-at="2025-03-07T23:20:56 PST" name="setUp" finished-at="2025-03-07T23:20:59 PST" duration-ms="3410" status="PASS">
          <reporter-output>
          </reporter-output>
        </test-method> <!-- setUp -->
        <test-method signature="loginTc(java.lang.String,java.lang.String)[pri:1, instance:testcases.Verifypage1@10aa41f2]" started-at="2025-03-07T23:20:59 PST" name="loginTc" data-provider="info" finished-at="2025-03-07T23:21:01 PST" duration-ms="1523" status="PASS">
          <params>
            <param index="0">
              <value>
                <![CDATA[aaa]]>
              </value>
            </param>
            <param index="1">
              <value>
                <![CDATA[allla]]>
              </value>
            </param>
          </params>
          <reporter-output>
          </reporter-output>
        </test-method> <!-- loginTc -->
        <test-method is-config="true" signature="tearDown()[pri:0, instance:testcases.Verifypage1@10aa41f2]" started-at="2025-03-07T23:21:01 PST" name="tearDown" finished-at="2025-03-07T23:21:01 PST" duration-ms="307" status="PASS">
          <reporter-output>
          </reporter-output>
        </test-method> <!-- tearDown -->
        <test-method is-config="true" signature="setUp()[pri:0, instance:testcases.Verifypage1@10aa41f2]" started-at="2025-03-07T23:21:01 PST" name="setUp" finished-at="2025-03-07T23:21:04 PST" duration-ms="3438" status="PASS">
          <reporter-output>
          </reporter-output>
        </test-method> <!-- setUp -->
        <test-method signature="loginTc(java.lang.String,java.lang.String)[pri:1, instance:testcases.Verifypage1@10aa41f2]" started-at="2025-03-07T23:21:04 PST" name="loginTc" data-provider="info" finished-at="2025-03-07T23:21:05 PST" duration-ms="656" status="PASS">
          <params>
            <param index="0">
              <value>
                <![CDATA[bbb]]>
              </value>
            </param>
            <param index="1">
              <value>
                <![CDATA[billa]]>
              </value>
            </param>
          </params>
          <reporter-output>
          </reporter-output>
        </test-method> <!-- loginTc -->
        <test-method is-config="true" signature="tearDown()[pri:0, instance:testcases.Verifypage1@10aa41f2]" started-at="2025-03-07T23:21:05 PST" name="tearDown" finished-at="2025-03-07T23:21:05 PST" duration-ms="248" status="PASS">
          <reporter-output>
          </reporter-output>
        </test-method> <!-- tearDown -->
        <test-method is-config="true" signature="setUp()[pri:0, instance:testcases.Verifypage1@10aa41f2]" started-at="2025-03-07T23:21:05 PST" name="setUp" finished-at="2025-03-07T23:21:08 PST" duration-ms="3008" status="PASS">
          <reporter-output>
          </reporter-output>
        </test-method> <!-- setUp -->
        <test-method signature="loginTc(java.lang.String,java.lang.String)[pri:1, instance:testcases.Verifypage1@10aa41f2]" started-at="2025-03-07T23:21:08 PST" name="loginTc" data-provider="info" finished-at="2025-03-07T23:21:09 PST" duration-ms="437" status="PASS">
          <params>
            <param index="0">
              <value>
                <![CDATA[ccc]]>
              </value>
            </param>
            <param index="1">
              <value>
                <![CDATA[ulla]]>
              </value>
            </param>
          </params>
          <reporter-output>
          </reporter-output>
        </test-method> <!-- loginTc -->
        <test-method is-config="true" signature="tearDown()[pri:0, instance:testcases.Verifypage1@10aa41f2]" started-at="2025-03-07T23:21:09 PST" name="tearDown" finished-at="2025-03-07T23:21:09 PST" duration-ms="281" status="PASS">
          <reporter-output>
          </reporter-output>
        </test-method> <!-- tearDown -->
        <test-method is-config="true" signature="setUp()[pri:0, instance:testcases.Verifypage1@10aa41f2]" started-at="2025-03-07T23:21:09 PST" name="setUp" finished-at="2025-03-07T23:21:13 PST" duration-ms="3535" status="PASS">
          <reporter-output>
          </reporter-output>
        </test-method> <!-- setUp -->
        <test-method signature="loginTc(java.lang.String,java.lang.String)[pri:1, instance:testcases.Verifypage1@10aa41f2]" started-at="2025-03-07T23:21:13 PST" name="loginTc" data-provider="info" finished-at="2025-03-07T23:21:13 PST" duration-ms="687" status="PASS">
          <params>
            <param index="0">
              <value>
                <![CDATA[ddd]]>
              </value>
            </param>
            <param index="1">
              <value>
                <![CDATA[xxxx]]>
              </value>
            </param>
          </params>
          <reporter-output>
          </reporter-output>
        </test-method> <!-- loginTc -->
        <test-method is-config="true" signature="tearDown()[pri:0, instance:testcases.Verifypage1@10aa41f2]" started-at="2025-03-07T23:21:13 PST" name="tearDown" finished-at="2025-03-07T23:21:13 PST" duration-ms="287" status="PASS">
          <reporter-output>
          </reporter-output>
        </test-method> <!-- tearDown -->
      </class> <!-- testcases.Verifypage1 -->
    </test> <!-- Default test -->
  </suite> <!-- Default suite -->
</testng-results>
